<?xml version="1.0" encoding="UTF-8"?>
<!-- Generated by org.testng.reporters.JUnitReportReporter -->
<testsuite hostname="LAPTOP-D6SEP9GC" failures="0" tests="1" name="com.testCases.productTestCases" time="16.642" errors="0" timestamp="2024-02-06T07:12:30 IST" skipped="0">
  <testcase classname="com.testCases.productTestCases" name="verifyProductPrice" time="16.642"/>
</testsuite> <!-- com.testCases.productTestCases -->
