<?xml version="1.0" encoding="UTF-8"?>
<!-- Generated by org.testng.reporters.JUnitReportReporter -->
<testsuite hostname="LAPTOP-D6SEP9GC" failures="0" tests="2" name="com.testCases.registerPage" time="42.854" errors="0" timestamp="2024-02-06T07:12:30 IST" skipped="0">
  <testcase classname="com.testCases.registerPage" name="verifyInvalidRegistration" time="27.068"/>
  <testcase classname="com.testCases.registerPage" name="verifyValidRegistration" time="15.786"/>
</testsuite> <!-- com.testCases.registerPage -->
